<?xml version="1.0" encoding="utf-8"?>
<TestRun id="f5f6c81c-aec7-4e05-b84b-fe86f62d1c0f" name="saicg@DESKTOP-5HVGBSM 2026-08-15 21:28:55" runUser="DESKTOP-5HVGBSM\saicg" xmlns="http://microsoft.com/schemas/VisualStudio/TeamTest/2010">
  <Times creation="2026-08-15T21:28:55.4334959-05:00" queuing="2026-08-15T21:28:55.4334962-05:00" start="2026-08-15T21:28:53.5163757-05:00" finish="2026-08-15T21:28:59.4654375-05:00" />
  <TestSettings name="default" id="579d3612-9710-4aeb-9203-2f6aaabee861">
    <Deployment runDeploymentRoot="saicg_DESKTOP-5HVGBSM_2026-08-15_21_28_55" />
  </TestSettings>
  <Results>
    <UnitTestResult executionId="4a2152b0-1187-4200-abce-55ac523e2a3b" testId="4d6d479b-dc07-580a-4bae-2a9f4c1a635a" testName="CanAccessAdminDashboard_DeniesRegularUser" computerName="DESKTOP-5HVGBSM" duration="00:00:00.0005960" startTime="2026-08-15T21:28:55.1952464-05:00" endTime="2026-08-15T21:28:55.1958433-05:00" testType="13cdc9d9-ddb5-4fa4-a97d-d965ccfc6d4b" outcome="Passed" testListId="8c84fa94-04c1-424b-9868-57a2d4851a1d" relativeResultsDirectory="4a2152b0-1187-4200-abce-55ac523e2a3b" />
    <UnitTestResult executionId="481b456f-7364-4bcd-9519-4cafcf28bf84" testId="736a6d47-f07b-c23b-b0b6-5e8f060183cc" testName="TryValidateUserInput_RejectsMalformedEmail" computerName="DESKTOP-5HVGBSM" duration="00:00:00.0007790" startTime="2026-08-15T21:28:55.2760282-05:00" endTime="2026-08-15T21:28:55.2768070-05:00" testType="13cdc9d9-ddb5-4fa4-a97d-d965ccfc6d4b" outcome="Passed" testListId="8c84fa94-04c1-424b-9868-57a2d4851a1d" relativeResultsDirectory="481b456f-7364-4bcd-9519-4cafcf28bf84" />
    <UnitTestResult executionId="c201003c-7bcc-4776-b2db-405adb8b47e7" testId="db406013-384a-32fb-a1f4-0a0951f8135a" testName="AuthenticateAsync_RejectsWrongPassword" computerName="DESKTOP-5HVGBSM" duration="00:00:00.5313700" startTime="2026-08-15T21:28:57.1631082-05:00" endTime="2026-08-15T21:28:57.6944780-05:00" testType="13cdc9d9-ddb5-4fa4-a97d-d965ccfc6d4b" outcome="Passed" testListId="8c84fa94-04c1-424b-9868-57a2d4851a1d" relativeResultsDirectory="c201003c-7bcc-4776-b2db-405adb8b47e7" />
    <UnitTestResult executionId="245faab0-9c02-4bb3-8ecd-db9d30d73db3" testId="970fa726-79d7-513a-aa39-7c4b2b527abe" testName="EncodeForHtml_EncodesAttributeBreakingCharacters" computerName="DESKTOP-5HVGBSM" duration="00:00:00.0171600" startTime="2026-08-15T21:28:55.2283988-05:00" endTime="2026-08-15T21:28:55.2455587-05:00" testType="13cdc9d9-ddb5-4fa4-a97d-d965ccfc6d4b" outcome="Passed" testListId="8c84fa94-04c1-424b-9868-57a2d4851a1d" relativeResultsDirectory="245faab0-9c02-4bb3-8ecd-db9d30d73db3" />
    <UnitTestResult executionId="ee64c6e9-47bf-4ce9-8d6b-a2a4f71c0a53" testId="f03e56d9-9265-5a24-0044-6ee096304b76" testName="CreateDatabase_StoresBcryptHashInsteadOfPlaintext" computerName="DESKTOP-5HVGBSM" duration="00:00:00.5503700" startTime="2026-08-15T21:28:58.7399069-05:00" endTime="2026-08-15T21:28:59.2902769-05:00" testType="13cdc9d9-ddb5-4fa4-a97d-d965ccfc6d4b" outcome="Passed" testListId="8c84fa94-04c1-424b-9868-57a2d4851a1d" relativeResultsDirectory="ee64c6e9-47bf-4ce9-8d6b-a2a4f71c0a53" />
    <UnitTestResult executionId="48320a67-a683-4500-826f-2f3a71cf2529" testId="d6d871ed-e5d2-38e2-56c8-02e3d1f1b5fb" testName="FindByUsernameAsync_TreatsSqlInjectionPayloadAsLiteral(&quot;' OR 1=1 --&quot;)" computerName="DESKTOP-5HVGBSM" duration="00:00:00.0140760" startTime="2026-08-15T21:28:59.3281516-05:00" endTime="2026-08-15T21:28:59.3422276-05:00" testType="13cdc9d9-ddb5-4fa4-a97d-d965ccfc6d4b" outcome="Passed" testListId="8c84fa94-04c1-424b-9868-57a2d4851a1d" relativeResultsDirectory="48320a67-a683-4500-826f-2f3a71cf2529" />
    <UnitTestResult executionId="83289d0b-f9e9-4b04-9414-d6e1ffe08586" testId="3dfb6bf6-cb62-14bd-62cf-72c24e3cc41b" testName="AuthenticateAsync_RejectsMissingCredentials(&quot;safe_user&quot;,&quot;&quot;)" computerName="DESKTOP-5HVGBSM" duration="00:00:00.2732490" startTime="2026-08-15T21:28:56.4869845-05:00" endTime="2026-08-15T21:28:56.7602338-05:00" testType="13cdc9d9-ddb5-4fa4-a97d-d965ccfc6d4b" outcome="Passed" testListId="8c84fa94-04c1-424b-9868-57a2d4851a1d" relativeResultsDirectory="83289d0b-f9e9-4b04-9414-d6e1ffe08586" />
    <UnitTestResult executionId="5db6b9b7-7d66-4f68-aa65-f0919876f3ef" testId="aa64d773-0739-a231-13ff-7ca5bf41a0ff" testName="TryValidateUserInput_RejectsMarkupPayload(&quot;&lt;svg/onload=alert('xss')&gt;&quot;)" computerName="DESKTOP-5HVGBSM" duration="00:00:00.0000749" startTime="2026-08-15T21:28:55.2925465-05:00" endTime="2026-08-15T21:28:55.2926221-05:00" testType="13cdc9d9-ddb5-4fa4-a97d-d965ccfc6d4b" outcome="Passed" testListId="8c84fa94-04c1-424b-9868-57a2d4851a1d" relativeResultsDirectory="5db6b9b7-7d66-4f68-aa65-f0919876f3ef" />
    <UnitTestResult executionId="379f29fc-6d0f-4192-b69c-41a87f97ef2f" testId="73693fcd-27f8-590b-bc5c-b80551788b7a" testName="TryValidateUserInput_NormalizesValidValues" computerName="DESKTOP-5HVGBSM" duration="00:00:00.0105790" startTime="2026-08-15T21:28:55.2529483-05:00" endTime="2026-08-15T21:28:55.2635283-05:00" testType="13cdc9d9-ddb5-4fa4-a97d-d965ccfc6d4b" outcome="Passed" testListId="8c84fa94-04c1-424b-9868-57a2d4851a1d" relativeResultsDirectory="379f29fc-6d0f-4192-b69c-41a87f97ef2f" />
    <UnitTestResult executionId="b2d1a430-a84d-4b87-b512-4ca8accfd252" testId="06d6d8b4-b8be-1db5-2fc1-7bc89bea2a04" testName="AuthenticateAsync_RejectsUnknownUser" computerName="DESKTOP-5HVGBSM" duration="00:00:00.4024280" startTime="2026-08-15T21:28:56.7606337-05:00" endTime="2026-08-15T21:28:57.1630609-05:00" testType="13cdc9d9-ddb5-4fa4-a97d-d965ccfc6d4b" outcome="Passed" testListId="8c84fa94-04c1-424b-9868-57a2d4851a1d" relativeResultsDirectory="b2d1a430-a84d-4b87-b512-4ca8accfd252" />
    <UnitTestResult executionId="d3db0104-ce38-4b94-ae1a-5ff6a0f32cf4" testId="157d92e8-f6f4-875c-2bc8-529bcd2420c6" testName="CanAccessAdminDashboard_DeniesUnauthenticatedUser" computerName="DESKTOP-5HVGBSM" duration="00:00:00.0002680" startTime="2026-08-15T21:28:55.2089116-05:00" endTime="2026-08-15T21:28:55.2091803-05:00" testType="13cdc9d9-ddb5-4fa4-a97d-d965ccfc6d4b" outcome="Passed" testListId="8c84fa94-04c1-424b-9868-57a2d4851a1d" relativeResultsDirectory="d3db0104-ce38-4b94-ae1a-5ff6a0f32cf4" />
    <UnitTestResult executionId="6ee8186a-bb72-4c9a-9b8c-aa11fd6b7d1d" testId="b1fba2e1-7677-2902-c43f-5292cc213844" testName="AuthenticateAsync_ReturnsUserForValidCredentials" computerName="DESKTOP-5HVGBSM" duration="00:00:00.5334010" startTime="2026-08-15T21:28:58.2061319-05:00" endTime="2026-08-15T21:28:58.7395321-05:00" testType="13cdc9d9-ddb5-4fa4-a97d-d965ccfc6d4b" outcome="Passed" testListId="8c84fa94-04c1-424b-9868-57a2d4851a1d" relativeResultsDirectory="6ee8186a-bb72-4c9a-9b8c-aa11fd6b7d1d" />
    <UnitTestResult executionId="799ad7f8-ee40-46b6-a182-404f2acfe059" testId="a16d1c67-bd9f-52d7-a3e4-a5fb7f812d04" testName="AuthenticateAsync_RejectsMissingCredentials(&quot;safe_user&quot;,null)" computerName="DESKTOP-5HVGBSM" duration="00:00:00.3008760" startTime="2026-08-15T21:28:55.7674629-05:00" endTime="2026-08-15T21:28:56.0683383-05:00" testType="13cdc9d9-ddb5-4fa4-a97d-d965ccfc6d4b" outcome="Passed" testListId="8c84fa94-04c1-424b-9868-57a2d4851a1d" relativeResultsDirectory="799ad7f8-ee40-46b6-a182-404f2acfe059" />
    <UnitTestResult executionId="c997690f-c394-4940-b3ce-cd89387cc173" testId="69b3640f-1f5e-4144-3306-edff7ddd9ad0" testName="FindByEmailAsync_TreatsSqlInjectionPayloadAsLiteral(&quot;' OR '1'='1&quot;)" computerName="DESKTOP-5HVGBSM" duration="00:00:00.0095530" startTime="2026-08-15T21:28:59.2923800-05:00" endTime="2026-08-15T21:28:59.3019329-05:00" testType="13cdc9d9-ddb5-4fa4-a97d-d965ccfc6d4b" outcome="Passed" testListId="8c84fa94-04c1-424b-9868-57a2d4851a1d" relativeResultsDirectory="c997690f-c394-4940-b3ce-cd89387cc173" />
    <UnitTestResult executionId="c2f9fc07-dfdf-480e-9f58-49e4bf06c748" testId="dc555bc9-899b-f5f4-d589-fdc5c09ca995" testName="AuthenticateAsync_RejectsMissingCredentials(&quot;&quot;,&quot;password&quot;)" computerName="DESKTOP-5HVGBSM" duration="00:00:00.4177130" startTime="2026-08-15T21:28:56.0683910-05:00" endTime="2026-08-15T21:28:56.4861036-05:00" testType="13cdc9d9-ddb5-4fa4-a97d-d965ccfc6d4b" outcome="Passed" testListId="8c84fa94-04c1-424b-9868-57a2d4851a1d" relativeResultsDirectory="c2f9fc07-dfdf-480e-9f58-49e4bf06c748" />
    <UnitTestResult executionId="e83e17f0-6170-4124-8b3c-a5566b0e366b" testId="c99ccbbf-82dc-1020-9c0b-104907887522" testName="TryValidateUserInput_RejectsMarkupPayload(&quot;&lt;img src=x onerror=alert('xss')&gt;&quot;)" computerName="DESKTOP-5HVGBSM" duration="00:00:00.0002320" startTime="2026-08-15T21:28:55.2880136-05:00" endTime="2026-08-15T21:28:55.2882363-05:00" testType="13cdc9d9-ddb5-4fa4-a97d-d965ccfc6d4b" outcome="Passed" testListId="8c84fa94-04c1-424b-9868-57a2d4851a1d" relativeResultsDirectory="e83e17f0-6170-4124-8b3c-a5566b0e366b" />
    <UnitTestResult executionId="ea33cc12-3173-4696-92ab-02916a315068" testId="8f97b036-0446-d9b0-b974-a60f2af102a6" testName="AuthenticateAsync_ReturnsAdminRoleForAdminCredentials" computerName="DESKTOP-5HVGBSM" duration="00:00:00.5113850" startTime="2026-08-15T21:28:57.6947115-05:00" endTime="2026-08-15T21:28:58.2060968-05:00" testType="13cdc9d9-ddb5-4fa4-a97d-d965ccfc6d4b" outcome="Passed" testListId="8c84fa94-04c1-424b-9868-57a2d4851a1d" relativeResultsDirectory="ea33cc12-3173-4696-92ab-02916a315068" />
    <UnitTestResult executionId="5bbdbd2e-7ba1-4fb2-8c03-0e9f30f17a97" testId="be4de12a-4ec3-d774-a979-326c1023107c" testName="CanAccessAdminDashboard_AllowsAdmin" computerName="DESKTOP-5HVGBSM" duration="00:00:00.0083550" startTime="2026-08-15T21:28:55.1812574-05:00" endTime="2026-08-15T21:28:55.1888152-05:00" testType="13cdc9d9-ddb5-4fa4-a97d-d965ccfc6d4b" outcome="Passed" testListId="8c84fa94-04c1-424b-9868-57a2d4851a1d" relativeResultsDirectory="5bbdbd2e-7ba1-4fb2-8c03-0e9f30f17a97" />
    <UnitTestResult executionId="b3b28aec-c6aa-4f2b-836b-07fd90adab3d" testId="158da7a8-005e-c1b3-3e8d-0f9cde922a3e" testName="EncodeForHtml_EncodesMarkup" computerName="DESKTOP-5HVGBSM" duration="00:00:00.0003060" startTime="2026-08-15T21:28:55.2472256-05:00" endTime="2026-08-15T21:28:55.2475323-05:00" testType="13cdc9d9-ddb5-4fa4-a97d-d965ccfc6d4b" outcome="Passed" testListId="8c84fa94-04c1-424b-9868-57a2d4851a1d" relativeResultsDirectory="b3b28aec-c6aa-4f2b-836b-07fd90adab3d" />
    <UnitTestResult executionId="90808429-97c1-4b2b-be4d-55b8fc068ed9" testId="534a69f3-095e-59f1-7553-cd18c0773018" testName="FindByEmailAsync_TreatsSqlInjectionPayloadAsLiteral(&quot;user@example.com' --&quot;)" computerName="DESKTOP-5HVGBSM" duration="00:00:00.0015570" startTime="2026-08-15T21:28:59.3130056-05:00" endTime="2026-08-15T21:28:59.3145619-05:00" testType="13cdc9d9-ddb5-4fa4-a97d-d965ccfc6d4b" outcome="Passed" testListId="8c84fa94-04c1-424b-9868-57a2d4851a1d" relativeResultsDirectory="90808429-97c1-4b2b-be4d-55b8fc068ed9" />
    <UnitTestResult executionId="d0711f9b-306c-4901-80a5-8028ed754eaa" testId="00c448c1-887e-9627-e70d-45249eba27ba" testName="FindByUsernameAsync_ReturnsMatchingUser" computerName="DESKTOP-5HVGBSM" duration="00:00:00.0121450" startTime="2026-08-15T21:28:59.3159173-05:00" endTime="2026-08-15T21:28:59.3280626-05:00" testType="13cdc9d9-ddb5-4fa4-a97d-d965ccfc6d4b" outcome="Passed" testListId="8c84fa94-04c1-424b-9868-57a2d4851a1d" relativeResultsDirectory="d0711f9b-306c-4901-80a5-8028ed754eaa" />
    <UnitTestResult executionId="38469159-6fb2-4b19-856a-5be1276744d1" testId="f72ae22c-79a3-4bf8-fe3b-995fa2978eed" testName="FindByUsernameAsync_TreatsSqlInjectionPayloadAsLiteral(&quot;safe_user' OR '1'='1&quot;)" computerName="DESKTOP-5HVGBSM" duration="00:00:00.0008440" startTime="2026-08-15T21:28:59.3425692-05:00" endTime="2026-08-15T21:28:59.3434136-05:00" testType="13cdc9d9-ddb5-4fa4-a97d-d965ccfc6d4b" outcome="Passed" testListId="8c84fa94-04c1-424b-9868-57a2d4851a1d" relativeResultsDirectory="38469159-6fb2-4b19-856a-5be1276744d1" />
    <UnitTestResult executionId="09193233-c178-4afb-8ca6-03fb116bf36e" testId="27f90fbe-6ea4-143d-fa22-178cd46f830d" testName="AuthenticateAsync_RejectsMissingCredentials(null,&quot;password&quot;)" computerName="DESKTOP-5HVGBSM" duration="00:00:00.4606550" startTime="2026-08-15T21:28:55.3067552-05:00" endTime="2026-08-15T21:28:55.7674101-05:00" testType="13cdc9d9-ddb5-4fa4-a97d-d965ccfc6d4b" outcome="Passed" testListId="8c84fa94-04c1-424b-9868-57a2d4851a1d" relativeResultsDirectory="09193233-c178-4afb-8ca6-03fb116bf36e" />
    <UnitTestResult executionId="f09e5915-fce9-45a3-9f00-6a0ba20086fc" testId="8809ea5d-69fb-0d6d-95fe-eb34c886949b" testName="TryValidateUserInput_RejectsControlCharacters" computerName="DESKTOP-5HVGBSM" duration="00:00:00.0099340" startTime="2026-08-15T21:28:55.2651814-05:00" endTime="2026-08-15T21:28:55.2751151-05:00" testType="13cdc9d9-ddb5-4fa4-a97d-d965ccfc6d4b" outcome="Passed" testListId="8c84fa94-04c1-424b-9868-57a2d4851a1d" relativeResultsDirectory="f09e5915-fce9-45a3-9f00-6a0ba20086fc" />
    <UnitTestResult executionId="35025ffd-8213-4c27-806b-81c76e367463" testId="0fd830ad-8d7e-03ca-2b99-f8073955710f" testName="FindByUsernameAsync_TreatsSqlInjectionPayloadAsLiteral(&quot;safe_user'; DROP TABLE Users; --&quot;)" computerName="DESKTOP-5HVGBSM" duration="00:00:00.0004660" startTime="2026-08-15T21:28:59.3434411-05:00" endTime="2026-08-15T21:28:59.3439065-05:00" testType="13cdc9d9-ddb5-4fa4-a97d-d965ccfc6d4b" outcome="Passed" testListId="8c84fa94-04c1-424b-9868-57a2d4851a1d" relativeResultsDirectory="35025ffd-8213-4c27-806b-81c76e367463" />
    <UnitTestResult executionId="46868a8c-30a1-4c6e-a5c1-8b829710e587" testId="8105a5a9-42c1-4a95-4408-7edb0307b1b6" testName="TryValidateUserInput_RejectsScriptInEmail" computerName="DESKTOP-5HVGBSM" duration="00:00:00.0057770" startTime="2026-08-15T21:28:55.2987321-05:00" endTime="2026-08-15T21:28:55.3045079-05:00" testType="13cdc9d9-ddb5-4fa4-a97d-d965ccfc6d4b" outcome="Passed" testListId="8c84fa94-04c1-424b-9868-57a2d4851a1d" relativeResultsDirectory="46868a8c-30a1-4c6e-a5c1-8b829710e587" />
    <UnitTestResult executionId="fdaa393d-427c-4735-943c-da64823a6ede" testId="7ac0ac6e-ae17-e069-9a3a-ec5cca4be79e" testName="TryValidateUserInput_RejectsMarkupPayload(&quot;&lt;script&gt;alert('xss')&lt;/script&gt;&quot;)" computerName="DESKTOP-5HVGBSM" duration="00:00:00.0003500" startTime="2026-08-15T21:28:55.2805230-05:00" endTime="2026-08-15T21:28:55.2808733-05:00" testType="13cdc9d9-ddb5-4fa4-a97d-d965ccfc6d4b" outcome="Passed" testListId="8c84fa94-04c1-424b-9868-57a2d4851a1d" relativeResultsDirectory="fdaa393d-427c-4735-943c-da64823a6ede" />
  </Results>
  <TestDefinitions>
    <UnitTest name="AuthenticateAsync_RejectsMissingCredentials(&quot;&quot;,&quot;password&quot;)" storage="c:\users\saicg\.vscode\safevault\bin\tests\net8.0\safevault.tests.dll" id="dc555bc9-899b-f5f4-d589-fdc5c09ca995">
      <Execution id="c2f9fc07-dfdf-480e-9f58-49e4bf06c748" />
      <TestMethod codeBase="C:\Users\saicg\.vscode\SafeVault\bin\tests\net8.0\SafeVault.Tests.dll" adapterTypeName="executor://nunit3testexecutor/" className="SafeVault.Tests.UserAuthenticatorTests" name="AuthenticateAsync_RejectsMissingCredentials(&quot;&quot;,&quot;password&quot;)" />
    </UnitTest>
    <UnitTest name="EncodeForHtml_EncodesMarkup" storage="c:\users\saicg\.vscode\safevault\bin\tests\net8.0\safevault.tests.dll" id="158da7a8-005e-c1b3-3e8d-0f9cde922a3e">
      <Execution id="b3b28aec-c6aa-4f2b-836b-07fd90adab3d" />
      <TestMethod codeBase="C:\Users\saicg\.vscode\SafeVault\bin\tests\net8.0\SafeVault.Tests.dll" adapterTypeName="executor://nunit3testexecutor/" className="SafeVault.Tests.InputValidatorTests" name="EncodeForHtml_EncodesMarkup" />
    </UnitTest>
    <UnitTest name="TryValidateUserInput_RejectsMarkupPayload(&quot;&lt;img src=x onerror=alert('xss')&gt;&quot;)" storage="c:\users\saicg\.vscode\safevault\bin\tests\net8.0\safevault.tests.dll" id="c99ccbbf-82dc-1020-9c0b-104907887522">
      <Execution id="e83e17f0-6170-4124-8b3c-a5566b0e366b" />
      <TestMethod codeBase="C:\Users\saicg\.vscode\SafeVault\bin\tests\net8.0\SafeVault.Tests.dll" adapterTypeName="executor://nunit3testexecutor/" className="SafeVault.Tests.InputValidatorTests" name="TryValidateUserInput_RejectsMarkupPayload(&quot;&lt;img src=x onerror=alert('xss')&gt;&quot;)" />
    </UnitTest>
    <UnitTest name="FindByUsernameAsync_ReturnsMatchingUser" storage="c:\users\saicg\.vscode\safevault\bin\tests\net8.0\safevault.tests.dll" id="00c448c1-887e-9627-e70d-45249eba27ba">
      <Execution id="d0711f9b-306c-4901-80a5-8028ed754eaa" />
      <TestMethod codeBase="C:\Users\saicg\.vscode\SafeVault\bin\tests\net8.0\SafeVault.Tests.dll" adapterTypeName="executor://nunit3testexecutor/" className="SafeVault.Tests.UserRepositoryTests" name="FindByUsernameAsync_ReturnsMatchingUser" />
    </UnitTest>
    <UnitTest name="AuthenticateAsync_RejectsUnknownUser" storage="c:\users\saicg\.vscode\safevault\bin\tests\net8.0\safevault.tests.dll" id="06d6d8b4-b8be-1db5-2fc1-7bc89bea2a04">
      <Execution id="b2d1a430-a84d-4b87-b512-4ca8accfd252" />
      <TestMethod codeBase="C:\Users\saicg\.vscode\SafeVault\bin\tests\net8.0\SafeVault.Tests.dll" adapterTypeName="executor://nunit3testexecutor/" className="SafeVault.Tests.UserAuthenticatorTests" name="AuthenticateAsync_RejectsUnknownUser" />
    </UnitTest>
    <UnitTest name="TryValidateUserInput_RejectsControlCharacters" storage="c:\users\saicg\.vscode\safevault\bin\tests\net8.0\safevault.tests.dll" id="8809ea5d-69fb-0d6d-95fe-eb34c886949b">
      <Execution id="f09e5915-fce9-45a3-9f00-6a0ba20086fc" />
      <TestMethod codeBase="C:\Users\saicg\.vscode\SafeVault\bin\tests\net8.0\SafeVault.Tests.dll" adapterTypeName="executor://nunit3testexecutor/" className="SafeVault.Tests.InputValidatorTests" name="TryValidateUserInput_RejectsControlCharacters" />
    </UnitTest>
    <UnitTest name="CreateDatabase_StoresBcryptHashInsteadOfPlaintext" storage="c:\users\saicg\.vscode\safevault\bin\tests\net8.0\safevault.tests.dll" id="f03e56d9-9265-5a24-0044-6ee096304b76">
      <Execution id="ee64c6e9-47bf-4ce9-8d6b-a2a4f71c0a53" />
      <TestMethod codeBase="C:\Users\saicg\.vscode\SafeVault\bin\tests\net8.0\SafeVault.Tests.dll" adapterTypeName="executor://nunit3testexecutor/" className="SafeVault.Tests.UserAuthenticatorTests" name="CreateDatabase_StoresBcryptHashInsteadOfPlaintext" />
    </UnitTest>
    <UnitTest name="AuthenticateAsync_RejectsMissingCredentials(null,&quot;password&quot;)" storage="c:\users\saicg\.vscode\safevault\bin\tests\net8.0\safevault.tests.dll" id="27f90fbe-6ea4-143d-fa22-178cd46f830d">
      <Execution id="09193233-c178-4afb-8ca6-03fb116bf36e" />
      <TestMethod codeBase="C:\Users\saicg\.vscode\SafeVault\bin\tests\net8.0\SafeVault.Tests.dll" adapterTypeName="executor://nunit3testexecutor/" className="SafeVault.Tests.UserAuthenticatorTests" name="AuthenticateAsync_RejectsMissingCredentials(null,&quot;password&quot;)" />
    </UnitTest>
    <UnitTest name="AuthenticateAsync_RejectsWrongPassword" storage="c:\users\saicg\.vscode\safevault\bin\tests\net8.0\safevault.tests.dll" id="db406013-384a-32fb-a1f4-0a0951f8135a">
      <Execution id="c201003c-7bcc-4776-b2db-405adb8b47e7" />
      <TestMethod codeBase="C:\Users\saicg\.vscode\SafeVault\bin\tests\net8.0\SafeVault.Tests.dll" adapterTypeName="executor://nunit3testexecutor/" className="SafeVault.Tests.UserAuthenticatorTests" name="AuthenticateAsync_RejectsWrongPassword" />
    </UnitTest>
    <UnitTest name="TryValidateUserInput_RejectsScriptInEmail" storage="c:\users\saicg\.vscode\safevault\bin\tests\net8.0\safevault.tests.dll" id="8105a5a9-42c1-4a95-4408-7edb0307b1b6">
      <Execution id="46868a8c-30a1-4c6e-a5c1-8b829710e587" />
      <TestMethod codeBase="C:\Users\saicg\.vscode\SafeVault\bin\tests\net8.0\SafeVault.Tests.dll" adapterTypeName="executor://nunit3testexecutor/" className="SafeVault.Tests.InputValidatorTests" name="TryValidateUserInput_RejectsScriptInEmail" />
    </UnitTest>
    <UnitTest name="AuthenticateAsync_RejectsMissingCredentials(&quot;safe_user&quot;,&quot;&quot;)" storage="c:\users\saicg\.vscode\safevault\bin\tests\net8.0\safevault.tests.dll" id="3dfb6bf6-cb62-14bd-62cf-72c24e3cc41b">
      <Execution id="83289d0b-f9e9-4b04-9414-d6e1ffe08586" />
      <TestMethod codeBase="C:\Users\saicg\.vscode\SafeVault\bin\tests\net8.0\SafeVault.Tests.dll" adapterTypeName="executor://nunit3testexecutor/" className="SafeVault.Tests.UserAuthenticatorTests" name="AuthenticateAsync_RejectsMissingCredentials(&quot;safe_user&quot;,&quot;&quot;)" />
    </UnitTest>
    <UnitTest name="AuthenticateAsync_RejectsMissingCredentials(&quot;safe_user&quot;,null)" storage="c:\users\saicg\.vscode\safevault\bin\tests\net8.0\safevault.tests.dll" id="a16d1c67-bd9f-52d7-a3e4-a5fb7f812d04">
      <Execution id="799ad7f8-ee40-46b6-a182-404f2acfe059" />
      <TestMethod codeBase="C:\Users\saicg\.vscode\SafeVault\bin\tests\net8.0\SafeVault.Tests.dll" adapterTypeName="executor://nunit3testexecutor/" className="SafeVault.Tests.UserAuthenticatorTests" name="AuthenticateAsync_RejectsMissingCredentials(&quot;safe_user&quot;,null)" />
    </UnitTest>
    <UnitTest name="EncodeForHtml_EncodesAttributeBreakingCharacters" storage="c:\users\saicg\.vscode\safevault\bin\tests\net8.0\safevault.tests.dll" id="970fa726-79d7-513a-aa39-7c4b2b527abe">
      <Execution id="245faab0-9c02-4bb3-8ecd-db9d30d73db3" />
      <TestMethod codeBase="C:\Users\saicg\.vscode\SafeVault\bin\tests\net8.0\SafeVault.Tests.dll" adapterTypeName="executor://nunit3testexecutor/" className="SafeVault.Tests.InputValidatorTests" name="EncodeForHtml_EncodesAttributeBreakingCharacters" />
    </UnitTest>
    <UnitTest name="CanAccessAdminDashboard_AllowsAdmin" storage="c:\users\saicg\.vscode\safevault\bin\tests\net8.0\safevault.tests.dll" id="be4de12a-4ec3-d774-a979-326c1023107c">
      <Execution id="5bbdbd2e-7ba1-4fb2-8c03-0e9f30f17a97" />
      <TestMethod codeBase="C:\Users\saicg\.vscode\SafeVault\bin\tests\net8.0\SafeVault.Tests.dll" adapterTypeName="executor://nunit3testexecutor/" className="SafeVault.Tests.AuthorizationTests" name="CanAccessAdminDashboard_AllowsAdmin" />
    </UnitTest>
    <UnitTest name="TryValidateUserInput_NormalizesValidValues" storage="c:\users\saicg\.vscode\safevault\bin\tests\net8.0\safevault.tests.dll" id="73693fcd-27f8-590b-bc5c-b80551788b7a">
      <Execution id="379f29fc-6d0f-4192-b69c-41a87f97ef2f" />
      <TestMethod codeBase="C:\Users\saicg\.vscode\SafeVault\bin\tests\net8.0\SafeVault.Tests.dll" adapterTypeName="executor://nunit3testexecutor/" className="SafeVault.Tests.InputValidatorTests" name="TryValidateUserInput_NormalizesValidValues" />
    </UnitTest>
    <UnitTest name="FindByUsernameAsync_TreatsSqlInjectionPayloadAsLiteral(&quot;' OR 1=1 --&quot;)" storage="c:\users\saicg\.vscode\safevault\bin\tests\net8.0\safevault.tests.dll" id="d6d871ed-e5d2-38e2-56c8-02e3d1f1b5fb">
      <Execution id="48320a67-a683-4500-826f-2f3a71cf2529" />
      <TestMethod codeBase="C:\Users\saicg\.vscode\SafeVault\bin\tests\net8.0\SafeVault.Tests.dll" adapterTypeName="executor://nunit3testexecutor/" className="SafeVault.Tests.UserRepositoryTests" name="FindByUsernameAsync_TreatsSqlInjectionPayloadAsLiteral(&quot;' OR 1=1 --&quot;)" />
    </UnitTest>
    <UnitTest name="AuthenticateAsync_ReturnsUserForValidCredentials" storage="c:\users\saicg\.vscode\safevault\bin\tests\net8.0\safevault.tests.dll" id="b1fba2e1-7677-2902-c43f-5292cc213844">
      <Execution id="6ee8186a-bb72-4c9a-9b8c-aa11fd6b7d1d" />
      <TestMethod codeBase="C:\Users\saicg\.vscode\SafeVault\bin\tests\net8.0\SafeVault.Tests.dll" adapterTypeName="executor://nunit3testexecutor/" className="SafeVault.Tests.UserAuthenticatorTests" name="AuthenticateAsync_ReturnsUserForValidCredentials" />
    </UnitTest>
    <UnitTest name="TryValidateUserInput_RejectsMarkupPayload(&quot;&lt;svg/onload=alert('xss')&gt;&quot;)" storage="c:\users\saicg\.vscode\safevault\bin\tests\net8.0\safevault.tests.dll" id="aa64d773-0739-a231-13ff-7ca5bf41a0ff">
      <Execution id="5db6b9b7-7d66-4f68-aa65-f0919876f3ef" />
      <TestMethod codeBase="C:\Users\saicg\.vscode\SafeVault\bin\tests\net8.0\SafeVault.Tests.dll" adapterTypeName="executor://nunit3testexecutor/" className="SafeVault.Tests.InputValidatorTests" name="TryValidateUserInput_RejectsMarkupPayload(&quot;&lt;svg/onload=alert('xss')&gt;&quot;)" />
    </UnitTest>
    <UnitTest name="TryValidateUserInput_RejectsMalformedEmail" storage="c:\users\saicg\.vscode\safevault\bin\tests\net8.0\safevault.tests.dll" id="736a6d47-f07b-c23b-b0b6-5e8f060183cc">
      <Execution id="481b456f-7364-4bcd-9519-4cafcf28bf84" />
      <TestMethod codeBase="C:\Users\saicg\.vscode\SafeVault\bin\tests\net8.0\SafeVault.Tests.dll" adapterTypeName="executor://nunit3testexecutor/" className="SafeVault.Tests.InputValidatorTests" name="TryValidateUserInput_RejectsMalformedEmail" />
    </UnitTest>
    <UnitTest name="CanAccessAdminDashboard_DeniesRegularUser" storage="c:\users\saicg\.vscode\safevault\bin\tests\net8.0\safevault.tests.dll" id="4d6d479b-dc07-580a-4bae-2a9f4c1a635a">
      <Execution id="4a2152b0-1187-4200-abce-55ac523e2a3b" />
      <TestMethod codeBase="C:\Users\saicg\.vscode\SafeVault\bin\tests\net8.0\SafeVault.Tests.dll" adapterTypeName="executor://nunit3testexecutor/" className="SafeVault.Tests.AuthorizationTests" name="CanAccessAdminDashboard_DeniesRegularUser" />
    </UnitTest>
    <UnitTest name="FindByUsernameAsync_TreatsSqlInjectionPayloadAsLiteral(&quot;safe_user'; DROP TABLE Users; --&quot;)" storage="c:\users\saicg\.vscode\safevault\bin\tests\net8.0\safevault.tests.dll" id="0fd830ad-8d7e-03ca-2b99-f8073955710f">
      <Execution id="35025ffd-8213-4c27-806b-81c76e367463" />
      <TestMethod codeBase="C:\Users\saicg\.vscode\SafeVault\bin\tests\net8.0\SafeVault.Tests.dll" adapterTypeName="executor://nunit3testexecutor/" className="SafeVault.Tests.UserRepositoryTests" name="FindByUsernameAsync_TreatsSqlInjectionPayloadAsLiteral(&quot;safe_user'; DROP TABLE Users; --&quot;)" />
    </UnitTest>
    <UnitTest name="FindByEmailAsync_TreatsSqlInjectionPayloadAsLiteral(&quot;user@example.com' --&quot;)" storage="c:\users\saicg\.vscode\safevault\bin\tests\net8.0\safevault.tests.dll" id="534a69f3-095e-59f1-7553-cd18c0773018">
      <Execution id="90808429-97c1-4b2b-be4d-55b8fc068ed9" />
      <TestMethod codeBase="C:\Users\saicg\.vscode\SafeVault\bin\tests\net8.0\SafeVault.Tests.dll" adapterTypeName="executor://nunit3testexecutor/" className="SafeVault.Tests.UserRepositoryTests" name="FindByEmailAsync_TreatsSqlInjectionPayloadAsLiteral(&quot;user@example.com' --&quot;)" />
    </UnitTest>
    <UnitTest name="CanAccessAdminDashboard_DeniesUnauthenticatedUser" storage="c:\users\saicg\.vscode\safevault\bin\tests\net8.0\safevault.tests.dll" id="157d92e8-f6f4-875c-2bc8-529bcd2420c6">
      <Execution id="d3db0104-ce38-4b94-ae1a-5ff6a0f32cf4" />
      <TestMethod codeBase="C:\Users\saicg\.vscode\SafeVault\bin\tests\net8.0\SafeVault.Tests.dll" adapterTypeName="executor://nunit3testexecutor/" className="SafeVault.Tests.AuthorizationTests" name="CanAccessAdminDashboard_DeniesUnauthenticatedUser" />
    </UnitTest>
    <UnitTest name="FindByEmailAsync_TreatsSqlInjectionPayloadAsLiteral(&quot;' OR '1'='1&quot;)" storage="c:\users\saicg\.vscode\safevault\bin\tests\net8.0\safevault.tests.dll" id="69b3640f-1f5e-4144-3306-edff7ddd9ad0">
      <Execution id="c997690f-c394-4940-b3ce-cd89387cc173" />
      <TestMethod codeBase="C:\Users\saicg\.vscode\SafeVault\bin\tests\net8.0\SafeVault.Tests.dll" adapterTypeName="executor://nunit3testexecutor/" className="SafeVault.Tests.UserRepositoryTests" name="FindByEmailAsync_TreatsSqlInjectionPayloadAsLiteral(&quot;' OR '1'='1&quot;)" />
    </UnitTest>
    <UnitTest name="FindByUsernameAsync_TreatsSqlInjectionPayloadAsLiteral(&quot;safe_user' OR '1'='1&quot;)" storage="c:\users\saicg\.vscode\safevault\bin\tests\net8.0\safevault.tests.dll" id="f72ae22c-79a3-4bf8-fe3b-995fa2978eed">
      <Execution id="38469159-6fb2-4b19-856a-5be1276744d1" />
      <TestMethod codeBase="C:\Users\saicg\.vscode\SafeVault\bin\tests\net8.0\SafeVault.Tests.dll" adapterTypeName="executor://nunit3testexecutor/" className="SafeVault.Tests.UserRepositoryTests" name="FindByUsernameAsync_TreatsSqlInjectionPayloadAsLiteral(&quot;safe_user' OR '1'='1&quot;)" />
    </UnitTest>
    <UnitTest name="AuthenticateAsync_ReturnsAdminRoleForAdminCredentials" storage="c:\users\saicg\.vscode\safevault\bin\tests\net8.0\safevault.tests.dll" id="8f97b036-0446-d9b0-b974-a60f2af102a6">
      <Execution id="ea33cc12-3173-4696-92ab-02916a315068" />
      <TestMethod codeBase="C:\Users\saicg\.vscode\SafeVault\bin\tests\net8.0\SafeVault.Tests.dll" adapterTypeName="executor://nunit3testexecutor/" className="SafeVault.Tests.UserAuthenticatorTests" name="AuthenticateAsync_ReturnsAdminRoleForAdminCredentials" />
    </UnitTest>
    <UnitTest name="TryValidateUserInput_RejectsMarkupPayload(&quot;&lt;script&gt;alert('xss')&lt;/script&gt;&quot;)" storage="c:\users\saicg\.vscode\safevault\bin\tests\net8.0\safevault.tests.dll" id="7ac0ac6e-ae17-e069-9a3a-ec5cca4be79e">
      <Execution id="fdaa393d-427c-4735-943c-da64823a6ede" />
      <TestMethod codeBase="C:\Users\saicg\.vscode\SafeVault\bin\tests\net8.0\SafeVault.Tests.dll" adapterTypeName="executor://nunit3testexecutor/" className="SafeVault.Tests.InputValidatorTests" name="TryValidateUserInput_RejectsMarkupPayload(&quot;&lt;script&gt;alert('xss')&lt;/script&gt;&quot;)" />
    </UnitTest>
  </TestDefinitions>
  <TestEntries>
    <TestEntry testId="4d6d479b-dc07-580a-4bae-2a9f4c1a635a" executionId="4a2152b0-1187-4200-abce-55ac523e2a3b" testListId="8c84fa94-04c1-424b-9868-57a2d4851a1d" />
    <TestEntry testId="736a6d47-f07b-c23b-b0b6-5e8f060183cc" executionId="481b456f-7364-4bcd-9519-4cafcf28bf84" testListId="8c84fa94-04c1-424b-9868-57a2d4851a1d" />
    <TestEntry testId="db406013-384a-32fb-a1f4-0a0951f8135a" executionId="c201003c-7bcc-4776-b2db-405adb8b47e7" testListId="8c84fa94-04c1-424b-9868-57a2d4851a1d" />
    <TestEntry testId="970fa726-79d7-513a-aa39-7c4b2b527abe" executionId="245faab0-9c02-4bb3-8ecd-db9d30d73db3" testListId="8c84fa94-04c1-424b-9868-57a2d4851a1d" />
    <TestEntry testId="f03e56d9-9265-5a24-0044-6ee096304b76" executionId="ee64c6e9-47bf-4ce9-8d6b-a2a4f71c0a53" testListId="8c84fa94-04c1-424b-9868-57a2d4851a1d" />
    <TestEntry testId="d6d871ed-e5d2-38e2-56c8-02e3d1f1b5fb" executionId="48320a67-a683-4500-826f-2f3a71cf2529" testListId="8c84fa94-04c1-424b-9868-57a2d4851a1d" />
    <TestEntry testId="3dfb6bf6-cb62-14bd-62cf-72c24e3cc41b" executionId="83289d0b-f9e9-4b04-9414-d6e1ffe08586" testListId="8c84fa94-04c1-424b-9868-57a2d4851a1d" />
    <TestEntry testId="aa64d773-0739-a231-13ff-7ca5bf41a0ff" executionId="5db6b9b7-7d66-4f68-aa65-f0919876f3ef" testListId="8c84fa94-04c1-424b-9868-57a2d4851a1d" />
    <TestEntry testId="73693fcd-27f8-590b-bc5c-b80551788b7a" executionId="379f29fc-6d0f-4192-b69c-41a87f97ef2f" testListId="8c84fa94-04c1-424b-9868-57a2d4851a1d" />
    <TestEntry testId="06d6d8b4-b8be-1db5-2fc1-7bc89bea2a04" executionId="b2d1a430-a84d-4b87-b512-4ca8accfd252" testListId="8c84fa94-04c1-424b-9868-57a2d4851a1d" />
    <TestEntry testId="157d92e8-f6f4-875c-2bc8-529bcd2420c6" executionId="d3db0104-ce38-4b94-ae1a-5ff6a0f32cf4" testListId="8c84fa94-04c1-424b-9868-57a2d4851a1d" />
    <TestEntry testId="b1fba2e1-7677-2902-c43f-5292cc213844" executionId="6ee8186a-bb72-4c9a-9b8c-aa11fd6b7d1d" testListId="8c84fa94-04c1-424b-9868-57a2d4851a1d" />
    <TestEntry testId="a16d1c67-bd9f-52d7-a3e4-a5fb7f812d04" executionId="799ad7f8-ee40-46b6-a182-404f2acfe059" testListId="8c84fa94-04c1-424b-9868-57a2d4851a1d" />
    <TestEntry testId="69b3640f-1f5e-4144-3306-edff7ddd9ad0" executionId="c997690f-c394-4940-b3ce-cd89387cc173" testListId="8c84fa94-04c1-424b-9868-57a2d4851a1d" />
    <TestEntry testId="dc555bc9-899b-f5f4-d589-fdc5c09ca995" executionId="c2f9fc07-dfdf-480e-9f58-49e4bf06c748" testListId="8c84fa94-04c1-424b-9868-57a2d4851a1d" />
    <TestEntry testId="c99ccbbf-82dc-1020-9c0b-104907887522" executionId="e83e17f0-6170-4124-8b3c-a5566b0e366b" testListId="8c84fa94-04c1-424b-9868-57a2d4851a1d" />
    <TestEntry testId="8f97b036-0446-d9b0-b974-a60f2af102a6" executionId="ea33cc12-3173-4696-92ab-02916a315068" testListId="8c84fa94-04c1-424b-9868-57a2d4851a1d" />
    <TestEntry testId="be4de12a-4ec3-d774-a979-326c1023107c" executionId="5bbdbd2e-7ba1-4fb2-8c03-0e9f30f17a97" testListId="8c84fa94-04c1-424b-9868-57a2d4851a1d" />
    <TestEntry testId="158da7a8-005e-c1b3-3e8d-0f9cde922a3e" executionId="b3b28aec-c6aa-4f2b-836b-07fd90adab3d" testListId="8c84fa94-04c1-424b-9868-57a2d4851a1d" />
    <TestEntry testId="534a69f3-095e-59f1-7553-cd18c0773018" executionId="90808429-97c1-4b2b-be4d-55b8fc068ed9" testListId="8c84fa94-04c1-424b-9868-57a2d4851a1d" />
    <TestEntry testId="00c448c1-887e-9627-e70d-45249eba27ba" executionId="d0711f9b-306c-4901-80a5-8028ed754eaa" testListId="8c84fa94-04c1-424b-9868-57a2d4851a1d" />
    <TestEntry testId="f72ae22c-79a3-4bf8-fe3b-995fa2978eed" executionId="38469159-6fb2-4b19-856a-5be1276744d1" testListId="8c84fa94-04c1-424b-9868-57a2d4851a1d" />
    <TestEntry testId="27f90fbe-6ea4-143d-fa22-178cd46f830d" executionId="09193233-c178-4afb-8ca6-03fb116bf36e" testListId="8c84fa94-04c1-424b-9868-57a2d4851a1d" />
    <TestEntry testId="8809ea5d-69fb-0d6d-95fe-eb34c886949b" executionId="f09e5915-fce9-45a3-9f00-6a0ba20086fc" testListId="8c84fa94-04c1-424b-9868-57a2d4851a1d" />
    <TestEntry testId="0fd830ad-8d7e-03ca-2b99-f8073955710f" executionId="35025ffd-8213-4c27-806b-81c76e367463" testListId="8c84fa94-04c1-424b-9868-57a2d4851a1d" />
    <TestEntry testId="8105a5a9-42c1-4a95-4408-7edb0307b1b6" executionId="46868a8c-30a1-4c6e-a5c1-8b829710e587" testListId="8c84fa94-04c1-424b-9868-57a2d4851a1d" />
    <TestEntry testId="7ac0ac6e-ae17-e069-9a3a-ec5cca4be79e" executionId="fdaa393d-427c-4735-943c-da64823a6ede" testListId="8c84fa94-04c1-424b-9868-57a2d4851a1d" />
  </TestEntries>
  <TestLists>
    <TestList name="Results Not in a List" id="8c84fa94-04c1-424b-9868-57a2d4851a1d" />
    <TestList name="All Loaded Results" id="19431567-8539-422a-85d7-44ee4e166bda" />
  </TestLists>
  <ResultSummary outcome="Completed">
    <Counters total="27" executed="27" passed="27" failed="0" error="0" timeout="0" aborted="0" inconclusive="0" passedButRunAborted="0" notRunnable="0" notExecuted="0" disconnected="0" warning="0" completed="0" inProgress="0" pending="0" />
    <Output>
      <StdOut>NUnit Adapter 4.6.0.0: Test execution started&#xD;
Running all tests in C:\Users\saicg\.vscode\SafeVault\bin\tests\net8.0\SafeVault.Tests.dll&#xD;
   NUnit3TestExecutor discovered 27 of 27 NUnit test cases using Current Discovery mode, Non-Explicit run&#xD;
NUnit Adapter 4.6.0.0: Test execution complete&#xD;
</StdOut>
    </Output>
  </ResultSummary>
</TestRun>